{
    "buildhost_description": {
        "id": "lab002-c03",
        "os": "Linux 2.6.32-754.2.1.el6.x86_64 x86_64\n\"CentOS release 6.10 (Final)\"\n"
    },
    "tools": {
        "compile": "g++ (GCC) 6.2.0",
        "compile[debug]": "g++ (GCC) 6.2.0",
        "debug": "GNU gdb (GDB) Red Hat Enterprise Linux (7.2-92.el6)",
        "profile[memcheck]": "valgrind-3.8.1",
        "profile[sgcheck]": "valgrind-3.8.1"
    },
    "status": 4,
    "test_results": {
        "1907": {
            "success": true,
            "status": 1,
            "tools": {
                "patch": {
                    "success": true
                },
                "compile[debug]": {
                    "status": 1,
                    "duration": 0,
                    "output": "",
                    "exit_code": 0,
                    "success": true,
                    "parsed_output": []
                },
                "execute": {
                    "output": "2 Hrvatska '' '' 3 '' 0 ''",
                    "duration": 0,
                    "status": 1,
                    "exit_code": 0,
                    "success": true
                },
                "debug": {
                    "success": true
                },
                "profile[memcheck]": {
                    "status": 1,
                    "duration": 1,
                    "output": "==29119== Memcheck, a memory error detector\n==29119== Copyright (C) 2002-2012, and GNU GPL'd, by Julian Seward et al.\n==29119== Using Valgrind-3.8.1 and LibVEX; rerun with -h for copyright info\n==29119== Command: output28U80g\n==29119==\n====START_TEST_636====2 Hrvatska '' '' 3 '' 0 '' ====END_TEST_636======29119==\n==29119== HEAP SUMMARY:\n==29119==     in use at exit: 72,704 bytes in 1 blocks\n==29119==   total heap usage: 14 allocs, 13 frees, 74,128 bytes allocated\n==29119==\n==29119== LEAK SUMMARY:\n==29119==    definitely lost: 0 bytes in 0 blocks\n==29119==    indirectly lost: 0 bytes in 0 blocks\n==29119==      possibly lost: 0 bytes in 0 blocks\n==29119==    still reachable: 72,704 bytes in 1 blocks\n==29119==         suppressed: 0 bytes in 0 blocks\n==29119== Reachable blocks (those to which a pointer was found) are not shown.\n==29119== To see them, rerun with: --leak-check=full --show-reachable=yes\n==29119==\n==29119== For counts of detected and suppressed errors, rerun with: -v\n==29119== ERROR SUMMARY: 0 errors from 0 contexts (suppressed: 8 from 6)",
                    "exit_code": 0,
                    "success": true,
                    "parsed_output": []
                },
                "profile[sgcheck]": {
                    "status": 1,
                    "duration": 2,
                    "output": "==29122== exp-sgcheck, a stack and global array overrun detector\n==29122== NOTE: This is an Experimental-Class Valgrind Tool\n==29122== Copyright (C) 2003-2012, and GNU GPL'd, by OpenWorks Ltd et al.\n==29122== Using Valgrind-3.8.1 and LibVEX; rerun with -h for copyright info\n==29122== Command: output28U80g\n==29122==\nchase_cuOff: no entry for 0x223a0\nchase_cuOff: no entry for 0x223df\nchase_cuOff: no entry for 0x37ea8\nchase_cuOff: no entry for 0x37eec\nchase_cuOff: no entry for 0x3b080\nchase_cuOff: no entry for 0x3b0cf\nchase_cuOff: no entry for 0xcb05b\nchase_cuOff: no entry for 0xcb060\nchase_cuOff: no entry for 0xcb092\nchase_cuOff: no entry for 0xcb097\nchase_cuOff: no entry for 0x223a0\nchase_cuOff: no entry for 0x223df\nchase_cuOff: no entry for 0x37ea8\nchase_cuOff: no entry for 0x37eec\nchase_cuOff: no entry for 0x3b080\nchase_cuOff: no entry for 0x3b0cf\nchase_cuOff: no entry for 0xcb05b\nchase_cuOff: no entry for 0xcb060\nchase_cuOff: no entry for 0xcb092\nchase_cuOff: no entry for 0xcb097\nchase_cuOff: no entry for 0x223a0\nchase_cuOff: no entry for 0x223df\nchase_cuOff: no entry for 0x37ea8\nchase_cuOff: no entry for 0x37eec\nchase_cuOff: no entry for 0x3b080\nchase_cuOff: no entry for 0x3b0cf\nchase_cuOff: no entry for 0xcb05b\nchase_cuOff: no entry for 0xcb060\nchase_cuOff: no entry for 0xcb092\nchase_cuOff: no entry for 0xcb097\nchase_cuOff: no entry for 0x223a0\nchase_cuOff: no entry for 0x223df\nchase_cuOff: no entry for 0x37ea8\nchase_cuOff: no entry for 0x37eec\nchase_cuOff: no entry for 0x3b080\nchase_cuOff: no entry for 0x3b0cf\nchase_cuOff: no entry for 0xcb05b\nchase_cuOff: no entry for 0xcb060\nchase_cuOff: no entry for 0xcb092\nchase_cuOff: no entry for 0xcb097\nchase_cuOff: no entry for 0x223a0\nchase_cuOff: no entry for 0x223df\nchase_cuOff: no entry for 0x37ea8\nchase_cuOff: no entry for 0x37eec\nchase_cuOff: no entry for 0x3b080\nchase_cuOff: no entry for 0x3b0cf\nchase_cuOff: no entry for 0xcb05b\nchase_cuOff: no entry for 0xcb060\nchase_cuOff: no entry for 0xcb092\nchase_cuOff: no entry for 0xcb097\nchase_cuOff: no entry for 0x223a0\nchase_cuOff: no entry for 0x223df\nchase_cuOff: no entry for 0x37ea8\nchase_cuOff: no entry for 0x37eec\nchase_cuOff: no entry for 0x3b080\nchase_cuOff: no entry for 0x3b0cf\nchase_cuOff: no entry for 0xcb05b\nchase_cuOff: no entry for 0xcb060\nchase_cuOff: no entry for 0xcb092\nchase_cuOff: no entry for 0xcb097\nchase_cuOff: no entry for 0x223a0\nchase_cuOff: no entry for 0x223df\nchase_cuOff: no entry for 0x37ea8\nchase_cuOff: no entry for 0x37eec\nchase_cuOff: no entry for 0x3b080\nchase_cuOff: no entry for 0x3b0cf\nchase_cuOff: no entry for 0xcb05b\nchase_cuOff: no entry for 0xcb060\nchase_cuOff: no entry for 0xcb092\nchase_cuOff: no entry for 0xcb097\nchase_cuOff: no entry for 0x223a0\nchase_cuOff: no entry for 0x223df\nchase_cuOff: no entry for 0x37ea8\nchase_cuOff: no entry for 0x37eec\nchase_cuOff: no entry for 0x3b080\nchase_cuOff: no entry for 0x3b0cf\nchase_cuOff: no entry for 0xcb05b\nchase_cuOff: no entry for 0xcb060\nchase_cuOff: no entry for 0xcb092\nchase_cuOff: no entry for 0xcb097\nchase_cuOff: no entry for 0x223a0\nchase_cuOff: no entry for 0x223df\nchase_cuOff: no entry for 0x37ea8\nchase_cuOff: no entry for 0x37eec\nchase_cuOff: no entry for 0x3b080\nchase_cuOff: no entry for 0x3b0cf\nchase_cuOff: no entry for 0xcb05b\nchase_cuOff: no entry for 0xcb060\nchase_cuOff: no entry for 0xcb092\nchase_cuOff: no entry for 0xcb097\nchase_cuOff: no entry for 0x223a0\nchase_cuOff: no entry for 0x223df\nchase_cuOff: no entry for 0x37ea8\nchase_cuOff: no entry for 0x37eec\nchase_cuOff: no entry for 0x3b080\nchase_cuOff: no entry for 0x3b0cf\nchase_cuOff: no entry for 0xcb05b\nchase_cuOff: no entry for 0xcb060\nchase_cuOff: no entry for 0xcb092\nchase_cuOff: no entry for 0xcb097\nchase_cuOff: no entry for 0x223a0\nchase_cuOff: no entry for 0x223df\nchase_cuOff: no entry for 0x37ea8\nchase_cuOff: no entry for 0x37eec\nchase_cuOff: no entry for 0x3b080\nchase_cuOff: no entry for 0x3b0cf\nchase_cuOff: no entry for 0xcb05b\nchase_cuOff: no entry for 0xcb060\nchase_cuOff: no entry for 0xcb092\nchase_cuOff: no entry for 0xcb097\nchase_cuOff: no entry for 0x223a0\nchase_cuOff: no entry for 0x223df\nchase_cuOff: no entry for 0x37ea8\nchase_cuOff: no entry for 0x37eec\nchase_cuOff: no entry for 0x3b080\nchase_cuOff: no entry for 0x3b0cf\nchase_cuOff: no entry for 0xcb05b\nchase_cuOff: no entry for 0xcb060\nchase_cuOff: no entry for 0xcb092\nchase_cuOff: no entry for 0xcb097\n\n: Invalid cuOff = 0x56dfe\n--29122-- WARNING: Serious error when reading debug info\n--29122-- When reading debug info from /opt/gcc-6.2.0/lib64/libstdc++.so.6.0.22:\n--29122-- resolve_variable_types: cuOff does not refer to a known type\n====START_TEST_636====2 Hrvatska '' '' 3 '' 0 '' ====END_TEST_636======29122==\n==29122== ERROR SUMMARY: 0 errors from 0 contexts (suppressed: 32 from 32)",
                    "exit_code": 0,
                    "success": true,
                    "parsed_output": []
                }
            }
        },
        "1908": {
            "success": true,
            "status": 1,
            "tools": {
                "patch": {
                    "success": true
                },
                "compile[debug]": {
                    "status": 1,
                    "duration": 1,
                    "output": "",
                    "exit_code": 0,
                    "success": true,
                    "parsed_output": []
                },
                "execute": {
                    "output": "2 2 2 BiH 2 BiH 1 '' 0 ''",
                    "duration": 0,
                    "status": 1,
                    "exit_code": 0,
                    "success": true
                },
                "debug": {
                    "success": true
                },
                "profile[memcheck]": {
                    "status": 1,
                    "duration": 0,
                    "output": "==29142== Memcheck, a memory error detector\n==29142== Copyright (C) 2002-2012, and GNU GPL'd, by Julian Seward et al.\n==29142== Using Valgrind-3.8.1 and LibVEX; rerun with -h for copyright info\n==29142== Command: outputSybCOS\n==29142==\n====START_TEST_596====2 2 2 BiH 2 BiH 1 '' 0 ''====END_TEST_596======29142==\n==29142== HEAP SUMMARY:\n==29142==     in use at exit: 72,704 bytes in 1 blocks\n==29142==   total heap usage: 23 allocs, 22 frees, 76,840 bytes allocated\n==29142==\n==29142== LEAK SUMMARY:\n==29142==    definitely lost: 0 bytes in 0 blocks\n==29142==    indirectly lost: 0 bytes in 0 blocks\n==29142==      possibly lost: 0 bytes in 0 blocks\n==29142==    still reachable: 72,704 bytes in 1 blocks\n==29142==         suppressed: 0 bytes in 0 blocks\n==29142== Reachable blocks (those to which a pointer was found) are not shown.\n==29142== To see them, rerun with: --leak-check=full --show-reachable=yes\n==29142==\n==29142== For counts of detected and suppressed errors, rerun with: -v\n==29142== ERROR SUMMARY: 0 errors from 0 contexts (suppressed: 8 from 6)",
                    "exit_code": 0,
                    "success": true,
                    "parsed_output": []
                },
                "profile[sgcheck]": {
                    "status": 1,
                    "duration": 3,
                    "output": "==29145== exp-sgcheck, a stack and global array overrun detector\n==29145== NOTE: This is an Experimental-Class Valgrind Tool\n==29145== Copyright (C) 2003-2012, and GNU GPL'd, by OpenWorks Ltd et al.\n==29145== Using Valgrind-3.8.1 and LibVEX; rerun with -h for copyright info\n==29145== Command: outputSybCOS\n==29145==\nchase_cuOff: no entry for 0x223a0\nchase_cuOff: no entry for 0x223df\nchase_cuOff: no entry for 0x37ea8\nchase_cuOff: no entry for 0x37eec\nchase_cuOff: no entry for 0x3b080\nchase_cuOff: no entry for 0x3b0cf\nchase_cuOff: no entry for 0xcb05b\nchase_cuOff: no entry for 0xcb060\nchase_cuOff: no entry for 0xcb092\nchase_cuOff: no entry for 0xcb097\nchase_cuOff: no entry for 0x223a0\nchase_cuOff: no entry for 0x223df\nchase_cuOff: no entry for 0x37ea8\nchase_cuOff: no entry for 0x37eec\nchase_cuOff: no entry for 0x3b080\nchase_cuOff: no entry for 0x3b0cf\nchase_cuOff: no entry for 0xcb05b\nchase_cuOff: no entry for 0xcb060\nchase_cuOff: no entry for 0xcb092\nchase_cuOff: no entry for 0xcb097\nchase_cuOff: no entry for 0x223a0\nchase_cuOff: no entry for 0x223df\nchase_cuOff: no entry for 0x37ea8\nchase_cuOff: no entry for 0x37eec\nchase_cuOff: no entry for 0x3b080\nchase_cuOff: no entry for 0x3b0cf\nchase_cuOff: no entry for 0xcb05b\nchase_cuOff: no entry for 0xcb060\nchase_cuOff: no entry for 0xcb092\nchase_cuOff: no entry for 0xcb097\nchase_cuOff: no entry for 0x223a0\nchase_cuOff: no entry for 0x223df\nchase_cuOff: no entry for 0x37ea8\nchase_cuOff: no entry for 0x37eec\nchase_cuOff: no entry for 0x3b080\nchase_cuOff: no entry for 0x3b0cf\nchase_cuOff: no entry for 0xcb05b\nchase_cuOff: no entry for 0xcb060\nchase_cuOff: no entry for 0xcb092\nchase_cuOff: no entry for 0xcb097\nchase_cuOff: no entry for 0x223a0\nchase_cuOff: no entry for 0x223df\nchase_cuOff: no entry for 0x37ea8\nchase_cuOff: no entry for 0x37eec\nchase_cuOff: no entry for 0x3b080\nchase_cuOff: no entry for 0x3b0cf\nchase_cuOff: no entry for 0xcb05b\nchase_cuOff: no entry for 0xcb060\nchase_cuOff: no entry for 0xcb092\nchase_cuOff: no entry for 0xcb097\nchase_cuOff: no entry for 0x223a0\nchase_cuOff: no entry for 0x223df\nchase_cuOff: no entry for 0x37ea8\nchase_cuOff: no entry for 0x37eec\nchase_cuOff: no entry for 0x3b080\nchase_cuOff: no entry for 0x3b0cf\nchase_cuOff: no entry for 0xcb05b\nchase_cuOff: no entry for 0xcb060\nchase_cuOff: no entry for 0xcb092\nchase_cuOff: no entry for 0xcb097\nchase_cuOff: no entry for 0x223a0\nchase_cuOff: no entry for 0x223df\nchase_cuOff: no entry for 0x37ea8\nchase_cuOff: no entry for 0x37eec\nchase_cuOff: no entry for 0x3b080\nchase_cuOff: no entry for 0x3b0cf\nchase_cuOff: no entry for 0xcb05b\nchase_cuOff: no entry for 0xcb060\nchase_cuOff: no entry for 0xcb092\nchase_cuOff: no entry for 0xcb097\nchase_cuOff: no entry for 0x223a0\nchase_cuOff: no entry for 0x223df\nchase_cuOff: no entry for 0x37ea8\nchase_cuOff: no entry for 0x37eec\nchase_cuOff: no entry for 0x3b080\nchase_cuOff: no entry for 0x3b0cf\nchase_cuOff: no entry for 0xcb05b\nchase_cuOff: no entry for 0xcb060\nchase_cuOff: no entry for 0xcb092\nchase_cuOff: no entry for 0xcb097\nchase_cuOff: no entry for 0x223a0\nchase_cuOff: no entry for 0x223df\nchase_cuOff: no entry for 0x37ea8\nchase_cuOff: no entry for 0x37eec\nchase_cuOff: no entry for 0x3b080\nchase_cuOff: no entry for 0x3b0cf\nchase_cuOff: no entry for 0xcb05b\nchase_cuOff: no entry for 0xcb060\nchase_cuOff: no entry for 0xcb092\nchase_cuOff: no entry for 0xcb097\nchase_cuOff: no entry for 0x223a0\nchase_cuOff: no entry for 0x223df\nchase_cuOff: no entry for 0x37ea8\nchase_cuOff: no entry for 0x37eec\nchase_cuOff: no entry for 0x3b080\nchase_cuOff: no entry for 0x3b0cf\nchase_cuOff: no entry for 0xcb05b\nchase_cuOff: no entry for 0xcb060\nchase_cuOff: no entry for 0xcb092\nchase_cuOff: no entry for 0xcb097\nchase_cuOff: no entry for 0x223a0\nchase_cuOff: no entry for 0x223df\nchase_cuOff: no entry for 0x37ea8\nchase_cuOff: no entry for 0x37eec\nchase_cuOff: no entry for 0x3b080\nchase_cuOff: no entry for 0x3b0cf\nchase_cuOff: no entry for 0xcb05b\nchase_cuOff: no entry for 0xcb060\nchase_cuOff: no entry for 0xcb092\nchase_cuOff: no entry for 0xcb097\nchase_cuOff: no entry for 0x223a0\nchase_cuOff: no entry for 0x223df\nchase_cuOff: no entry for 0x37ea8\nchase_cuOff: no entry for 0x37eec\nchase_cuOff: no entry for 0x3b080\nchase_cuOff: no entry for 0x3b0cf\nchase_cuOff: no entry for 0xcb05b\nchase_cuOff: no entry for 0xcb060\nchase_cuOff: no entry for 0xcb092\nchase_cuOff: no entry for 0xcb097\n\n: Invalid cuOff = 0x56dfe\n--29145-- WARNING: Serious error when reading debug info\n--29145-- When reading debug info from /opt/gcc-6.2.0/lib64/libstdc++.so.6.0.22:\n--29145-- resolve_variable_types: cuOff does not refer to a known type\n====START_TEST_596====2 2 2 BiH 2 BiH 1 '' 0 ''====END_TEST_596======29145==\n==29145== ERROR SUMMARY: 0 errors from 0 contexts (suppressed: 32 from 32)",
                    "exit_code": 0,
                    "success": true,
                    "parsed_output": []
                }
            }
        },
        "1909": {
            "success": true,
            "status": 1,
            "tools": {
                "patch": {
                    "success": true
                },
                "compile[debug]": {
                    "status": 1,
                    "duration": 0,
                    "output": "",
                    "exit_code": 0,
                    "success": true,
                    "parsed_output": []
                },
                "execute": {
                    "output": "3 Sarajevo Tuzla 4",
                    "duration": 0,
                    "status": 1,
                    "exit_code": 0,
                    "success": true
                },
                "debug": {
                    "success": true
                },
                "profile[memcheck]": {
                    "status": 1,
                    "duration": 1,
                    "output": "==29165== Memcheck, a memory error detector\n==29165== Copyright (C) 2002-2012, and GNU GPL'd, by Julian Seward et al.\n==29165== Using Valgrind-3.8.1 and LibVEX; rerun with -h for copyright info\n==29165== Command: output13vTRF\n==29165==\n====START_TEST_7287====3 Sarajevo Tuzla 4====END_TEST_7287======29165==\n==29165== HEAP SUMMARY:\n==29165==     in use at exit: 72,704 bytes in 1 blocks\n==29165==   total heap usage: 9 allocs, 8 frees, 74,112 bytes allocated\n==29165==\n==29165== LEAK SUMMARY:\n==29165==    definitely lost: 0 bytes in 0 blocks\n==29165==    indirectly lost: 0 bytes in 0 blocks\n==29165==      possibly lost: 0 bytes in 0 blocks\n==29165==    still reachable: 72,704 bytes in 1 blocks\n==29165==         suppressed: 0 bytes in 0 blocks\n==29165== Reachable blocks (those to which a pointer was found) are not shown.\n==29165== To see them, rerun with: --leak-check=full --show-reachable=yes\n==29165==\n==29165== For counts of detected and suppressed errors, rerun with: -v\n==29165== ERROR SUMMARY: 0 errors from 0 contexts (suppressed: 8 from 6)",
                    "exit_code": 0,
                    "success": true,
                    "parsed_output": []
                },
                "profile[sgcheck]": {
                    "status": 1,
                    "duration": 2,
                    "output": "==29168== exp-sgcheck, a stack and global array overrun detector\n==29168== NOTE: This is an Experimental-Class Valgrind Tool\n==29168== Copyright (C) 2003-2012, and GNU GPL'd, by OpenWorks Ltd et al.\n==29168== Using Valgrind-3.8.1 and LibVEX; rerun with -h for copyright info\n==29168== Command: output13vTRF\n==29168==\nchase_cuOff: no entry for 0x223a0\nchase_cuOff: no entry for 0x223df\nchase_cuOff: no entry for 0x37ea8\nchase_cuOff: no entry for 0x37eec\nchase_cuOff: no entry for 0x3b080\nchase_cuOff: no entry for 0x3b0cf\nchase_cuOff: no entry for 0xcb05b\nchase_cuOff: no entry for 0xcb060\nchase_cuOff: no entry for 0xcb092\nchase_cuOff: no entry for 0xcb097\nchase_cuOff: no entry for 0x223a0\nchase_cuOff: no entry for 0x223df\nchase_cuOff: no entry for 0x37ea8\nchase_cuOff: no entry for 0x37eec\nchase_cuOff: no entry for 0x3b080\nchase_cuOff: no entry for 0x3b0cf\nchase_cuOff: no entry for 0xcb05b\nchase_cuOff: no entry for 0xcb060\nchase_cuOff: no entry for 0xcb092\nchase_cuOff: no entry for 0xcb097\nchase_cuOff: no entry for 0x223a0\nchase_cuOff: no entry for 0x223df\nchase_cuOff: no entry for 0x37ea8\nchase_cuOff: no entry for 0x37eec\nchase_cuOff: no entry for 0x3b080\nchase_cuOff: no entry for 0x3b0cf\nchase_cuOff: no entry for 0xcb05b\nchase_cuOff: no entry for 0xcb060\nchase_cuOff: no entry for 0xcb092\nchase_cuOff: no entry for 0xcb097\nchase_cuOff: no entry for 0x223a0\nchase_cuOff: no entry for 0x223df\nchase_cuOff: no entry for 0x37ea8\nchase_cuOff: no entry for 0x37eec\nchase_cuOff: no entry for 0x3b080\nchase_cuOff: no entry for 0x3b0cf\nchase_cuOff: no entry for 0xcb05b\nchase_cuOff: no entry for 0xcb060\nchase_cuOff: no entry for 0xcb092\nchase_cuOff: no entry for 0xcb097\nchase_cuOff: no entry for 0x223a0\nchase_cuOff: no entry for 0x223df\nchase_cuOff: no entry for 0x37ea8\nchase_cuOff: no entry for 0x37eec\nchase_cuOff: no entry for 0x3b080\nchase_cuOff: no entry for 0x3b0cf\nchase_cuOff: no entry for 0xcb05b\nchase_cuOff: no entry for 0xcb060\nchase_cuOff: no entry for 0xcb092\nchase_cuOff: no entry for 0xcb097\nchase_cuOff: no entry for 0x223a0\nchase_cuOff: no entry for 0x223df\nchase_cuOff: no entry for 0x37ea8\nchase_cuOff: no entry for 0x37eec\nchase_cuOff: no entry for 0x3b080\nchase_cuOff: no entry for 0x3b0cf\nchase_cuOff: no entry for 0xcb05b\nchase_cuOff: no entry for 0xcb060\nchase_cuOff: no entry for 0xcb092\nchase_cuOff: no entry for 0xcb097\nchase_cuOff: no entry for 0x223a0\nchase_cuOff: no entry for 0x223df\nchase_cuOff: no entry for 0x37ea8\nchase_cuOff: no entry for 0x37eec\nchase_cuOff: no entry for 0x3b080\nchase_cuOff: no entry for 0x3b0cf\nchase_cuOff: no entry for 0xcb05b\nchase_cuOff: no entry for 0xcb060\nchase_cuOff: no entry for 0xcb092\nchase_cuOff: no entry for 0xcb097\nchase_cuOff: no entry for 0x223a0\nchase_cuOff: no entry for 0x223df\nchase_cuOff: no entry for 0x37ea8\nchase_cuOff: no entry for 0x37eec\nchase_cuOff: no entry for 0x3b080\nchase_cuOff: no entry for 0x3b0cf\nchase_cuOff: no entry for 0xcb05b\nchase_cuOff: no entry for 0xcb060\nchase_cuOff: no entry for 0xcb092\nchase_cuOff: no entry for 0xcb097\nchase_cuOff: no entry for 0x223a0\nchase_cuOff: no entry for 0x223df\nchase_cuOff: no entry for 0x37ea8\nchase_cuOff: no entry for 0x37eec\nchase_cuOff: no entry for 0x3b080\nchase_cuOff: no entry for 0x3b0cf\nchase_cuOff: no entry for 0xcb05b\nchase_cuOff: no entry for 0xcb060\nchase_cuOff: no entry for 0xcb092\nchase_cuOff: no entry for 0xcb097\nchase_cuOff: no entry for 0x223a0\nchase_cuOff: no entry for 0x223df\nchase_cuOff: no entry for 0x37ea8\nchase_cuOff: no entry for 0x37eec\nchase_cuOff: no entry for 0x3b080\nchase_cuOff: no entry for 0x3b0cf\nchase_cuOff: no entry for 0xcb05b\nchase_cuOff: no entry for 0xcb060\nchase_cuOff: no entry for 0xcb092\nchase_cuOff: no entry for 0xcb097\nchase_cuOff: no entry for 0x223a0\nchase_cuOff: no entry for 0x223df\nchase_cuOff: no entry for 0x37ea8\nchase_cuOff: no entry for 0x37eec\nchase_cuOff: no entry for 0x3b080\nchase_cuOff: no entry for 0x3b0cf\nchase_cuOff: no entry for 0xcb05b\nchase_cuOff: no entry for 0xcb060\nchase_cuOff: no entry for 0xcb092\nchase_cuOff: no entry for 0xcb097\nchase_cuOff: no entry for 0x223a0\nchase_cuOff: no entry for 0x223df\nchase_cuOff: no entry for 0x37ea8\nchase_cuOff: no entry for 0x37eec\nchase_cuOff: no entry for 0x3b080\nchase_cuOff: no entry for 0x3b0cf\nchase_cuOff: no entry for 0xcb05b\nchase_cuOff: no entry for 0xcb060\nchase_cuOff: no entry for 0xcb092\nchase_cuOff: no entry for 0xcb097\n\n: Invalid cuOff = 0x56dfe\n--29168-- WARNING: Serious error when reading debug info\n--29168-- When reading debug info from /opt/gcc-6.2.0/lib64/libstdc++.so.6.0.22:\n--29168-- resolve_variable_types: cuOff does not refer to a known type\n====START_TEST_7287====3 Sarajevo Tuzla 4====END_TEST_7287======29168==\n==29168== ERROR SUMMARY: 0 errors from 0 contexts (suppressed: 32 from 32)",
                    "exit_code": 0,
                    "success": true,
                    "parsed_output": []
                }
            }
        },
        "1910": {
            "success": true,
            "status": 1,
            "tools": {
                "patch": {
                    "success": true
                },
                "compile[debug]": {
                    "status": 1,
                    "duration": 1,
                    "output": "",
                    "exit_code": 0,
                    "success": true,
                    "parsed_output": []
                },
                "execute": {
                    "output": "2 300 0 2 400 3",
                    "duration": 0,
                    "status": 1,
                    "exit_code": 0,
                    "success": true
                },
                "debug": {
                    "success": true
                },
                "profile[memcheck]": {
                    "status": 1,
                    "duration": 0,
                    "output": "==29188== Memcheck, a memory error detector\n==29188== Copyright (C) 2002-2012, and GNU GPL'd, by Julian Seward et al.\n==29188== Using Valgrind-3.8.1 and LibVEX; rerun with -h for copyright info\n==29188== Command: outputxaOXAE\n==29188==\n====START_TEST_762====2 300 0 2 400 3====END_TEST_762======29188==\n==29188== HEAP SUMMARY:\n==29188==     in use at exit: 72,704 bytes in 1 blocks\n==29188==   total heap usage: 6 allocs, 5 frees, 73,600 bytes allocated\n==29188==\n==29188== LEAK SUMMARY:\n==29188==    definitely lost: 0 bytes in 0 blocks\n==29188==    indirectly lost: 0 bytes in 0 blocks\n==29188==      possibly lost: 0 bytes in 0 blocks\n==29188==    still reachable: 72,704 bytes in 1 blocks\n==29188==         suppressed: 0 bytes in 0 blocks\n==29188== Reachable blocks (those to which a pointer was found) are not shown.\n==29188== To see them, rerun with: --leak-check=full --show-reachable=yes\n==29188==\n==29188== For counts of detected and suppressed errors, rerun with: -v\n==29188== ERROR SUMMARY: 0 errors from 0 contexts (suppressed: 8 from 6)",
                    "exit_code": 0,
                    "success": true,
                    "parsed_output": []
                },
                "profile[sgcheck]": {
                    "status": 1,
                    "duration": 2,
                    "output": "==29191== exp-sgcheck, a stack and global array overrun detector\n==29191== NOTE: This is an Experimental-Class Valgrind Tool\n==29191== Copyright (C) 2003-2012, and GNU GPL'd, by OpenWorks Ltd et al.\n==29191== Using Valgrind-3.8.1 and LibVEX; rerun with -h for copyright info\n==29191== Command: outputxaOXAE\n==29191==\nchase_cuOff: no entry for 0x223a0\nchase_cuOff: no entry for 0x223df\nchase_cuOff: no entry for 0x37ea8\nchase_cuOff: no entry for 0x37eec\nchase_cuOff: no entry for 0x3b080\nchase_cuOff: no entry for 0x3b0cf\nchase_cuOff: no entry for 0xcb05b\nchase_cuOff: no entry for 0xcb060\nchase_cuOff: no entry for 0xcb092\nchase_cuOff: no entry for 0xcb097\nchase_cuOff: no entry for 0x223a0\nchase_cuOff: no entry for 0x223df\nchase_cuOff: no entry for 0x37ea8\nchase_cuOff: no entry for 0x37eec\nchase_cuOff: no entry for 0x3b080\nchase_cuOff: no entry for 0x3b0cf\nchase_cuOff: no entry for 0xcb05b\nchase_cuOff: no entry for 0xcb060\nchase_cuOff: no entry for 0xcb092\nchase_cuOff: no entry for 0xcb097\nchase_cuOff: no entry for 0x223a0\nchase_cuOff: no entry for 0x223df\nchase_cuOff: no entry for 0x37ea8\nchase_cuOff: no entry for 0x37eec\nchase_cuOff: no entry for 0x3b080\nchase_cuOff: no entry for 0x3b0cf\nchase_cuOff: no entry for 0xcb05b\nchase_cuOff: no entry for 0xcb060\nchase_cuOff: no entry for 0xcb092\nchase_cuOff: no entry for 0xcb097\nchase_cuOff: no entry for 0x223a0\nchase_cuOff: no entry for 0x223df\nchase_cuOff: no entry for 0x37ea8\nchase_cuOff: no entry for 0x37eec\nchase_cuOff: no entry for 0x3b080\nchase_cuOff: no entry for 0x3b0cf\nchase_cuOff: no entry for 0xcb05b\nchase_cuOff: no entry for 0xcb060\nchase_cuOff: no entry for 0xcb092\nchase_cuOff: no entry for 0xcb097\nchase_cuOff: no entry for 0x223a0\nchase_cuOff: no entry for 0x223df\nchase_cuOff: no entry for 0x37ea8\nchase_cuOff: no entry for 0x37eec\nchase_cuOff: no entry for 0x3b080\nchase_cuOff: no entry for 0x3b0cf\nchase_cuOff: no entry for 0xcb05b\nchase_cuOff: no entry for 0xcb060\nchase_cuOff: no entry for 0xcb092\nchase_cuOff: no entry for 0xcb097\nchase_cuOff: no entry for 0x223a0\nchase_cuOff: no entry for 0x223df\nchase_cuOff: no entry for 0x37ea8\nchase_cuOff: no entry for 0x37eec\nchase_cuOff: no entry for 0x3b080\nchase_cuOff: no entry for 0x3b0cf\nchase_cuOff: no entry for 0xcb05b\nchase_cuOff: no entry for 0xcb060\nchase_cuOff: no entry for 0xcb092\nchase_cuOff: no entry for 0xcb097\nchase_cuOff: no entry for 0x223a0\nchase_cuOff: no entry for 0x223df\nchase_cuOff: no entry for 0x37ea8\nchase_cuOff: no entry for 0x37eec\nchase_cuOff: no entry for 0x3b080\nchase_cuOff: no entry for 0x3b0cf\nchase_cuOff: no entry for 0xcb05b\nchase_cuOff: no entry for 0xcb060\nchase_cuOff: no entry for 0xcb092\nchase_cuOff: no entry for 0xcb097\nchase_cuOff: no entry for 0x223a0\nchase_cuOff: no entry for 0x223df\nchase_cuOff: no entry for 0x37ea8\nchase_cuOff: no entry for 0x37eec\nchase_cuOff: no entry for 0x3b080\nchase_cuOff: no entry for 0x3b0cf\nchase_cuOff: no entry for 0xcb05b\nchase_cuOff: no entry for 0xcb060\nchase_cuOff: no entry for 0xcb092\nchase_cuOff: no entry for 0xcb097\nchase_cuOff: no entry for 0x223a0\nchase_cuOff: no entry for 0x223df\nchase_cuOff: no entry for 0x37ea8\nchase_cuOff: no entry for 0x37eec\nchase_cuOff: no entry for 0x3b080\nchase_cuOff: no entry for 0x3b0cf\nchase_cuOff: no entry for 0xcb05b\nchase_cuOff: no entry for 0xcb060\nchase_cuOff: no entry for 0xcb092\nchase_cuOff: no entry for 0xcb097\nchase_cuOff: no entry for 0x223a0\nchase_cuOff: no entry for 0x223df\nchase_cuOff: no entry for 0x37ea8\nchase_cuOff: no entry for 0x37eec\nchase_cuOff: no entry for 0x3b080\nchase_cuOff: no entry for 0x3b0cf\nchase_cuOff: no entry for 0xcb05b\nchase_cuOff: no entry for 0xcb060\nchase_cuOff: no entry for 0xcb092\nchase_cuOff: no entry for 0xcb097\nchase_cuOff: no entry for 0x223a0\nchase_cuOff: no entry for 0x223df\nchase_cuOff: no entry for 0x37ea8\nchase_cuOff: no entry for 0x37eec\nchase_cuOff: no entry for 0x3b080\nchase_cuOff: no entry for 0x3b0cf\nchase_cuOff: no entry for 0xcb05b\nchase_cuOff: no entry for 0xcb060\nchase_cuOff: no entry for 0xcb092\nchase_cuOff: no entry for 0xcb097\nchase_cuOff: no entry for 0x223a0\nchase_cuOff: no entry for 0x223df\nchase_cuOff: no entry for 0x37ea8\nchase_cuOff: no entry for 0x37eec\nchase_cuOff: no entry for 0x3b080\nchase_cuOff: no entry for 0x3b0cf\nchase_cuOff: no entry for 0xcb05b\nchase_cuOff: no entry for 0xcb060\nchase_cuOff: no entry for 0xcb092\nchase_cuOff: no entry for 0xcb097\n\n: Invalid cuOff = 0x56dfe\n--29191-- WARNING: Serious error when reading debug info\n--29191-- When reading debug info from /opt/gcc-6.2.0/lib64/libstdc++.so.6.0.22:\n--29191-- resolve_variable_types: cuOff does not refer to a known type\n====START_TEST_762====2 300 0 2 400 3====END_TEST_762======29191==\n==29191== ERROR SUMMARY: 0 errors from 0 contexts (suppressed: 32 from 32)",
                    "exit_code": 0,
                    "success": true,
                    "parsed_output": []
                }
            }
        },
        "1911": {
            "success": false,
            "status": 9,
            "tools": {
                "patch": {
                    "success": true
                },
                "compile[debug]": {
                    "status": 1,
                    "duration": 0,
                    "output": "",
                    "exit_code": 0,
                    "success": true,
                    "parsed_output": []
                },
                "execute": {
                    "output": "",
                    "duration": 0,
                    "status": 1,
                    "exit_code": 0,
                    "success": true
                },
                "debug": {
                    "success": true
                },
                "profile[memcheck]": {
                    "status": 1,
                    "duration": 1,
                    "output": "==29219== Memcheck, a memory error detector\n==29219== Copyright (C) 2002-2012, and GNU GPL'd, by Julian Seward et al.\n==29219== Using Valgrind-3.8.1 and LibVEX; rerun with -h for copyright info\n==29219== Command: output9GLYeO\n==29219==\n====START_TEST_7615========EXCEPTION_TEST_7615======29219==\n==29219== HEAP SUMMARY:\n==29219==     in use at exit: 72,704 bytes in 1 blocks\n==29219==   total heap usage: 4 allocs, 3 frees, 73,701 bytes allocated\n==29219==\n==29219== LEAK SUMMARY:\n==29219==    definitely lost: 0 bytes in 0 blocks\n==29219==    indirectly lost: 0 bytes in 0 blocks\n==29219==      possibly lost: 0 bytes in 0 blocks\n==29219==    still reachable: 72,704 bytes in 1 blocks\n==29219==         suppressed: 0 bytes in 0 blocks\n==29219== Reachable blocks (those to which a pointer was found) are not shown.\n==29219== To see them, rerun with: --leak-check=full --show-reachable=yes\n==29219==\n==29219== For counts of detected and suppressed errors, rerun with: -v\n==29219== ERROR SUMMARY: 0 errors from 0 contexts (suppressed: 8 from 6)",
                    "exit_code": 0,
                    "success": true,
                    "parsed_output": []
                },
                "profile[sgcheck]": {
                    "status": 1,
                    "duration": 2,
                    "output": "==29222== exp-sgcheck, a stack and global array overrun detector\n==29222== NOTE: This is an Experimental-Class Valgrind Tool\n==29222== Copyright (C) 2003-2012, and GNU GPL'd, by OpenWorks Ltd et al.\n==29222== Using Valgrind-3.8.1 and LibVEX; rerun with -h for copyright info\n==29222== Command: output9GLYeO\n==29222==\nchase_cuOff: no entry for 0x223a0\nchase_cuOff: no entry for 0x223df\nchase_cuOff: no entry for 0x37ea8\nchase_cuOff: no entry for 0x37eec\nchase_cuOff: no entry for 0x3b080\nchase_cuOff: no entry for 0x3b0cf\nchase_cuOff: no entry for 0xcb05b\nchase_cuOff: no entry for 0xcb060\nchase_cuOff: no entry for 0xcb092\nchase_cuOff: no entry for 0xcb097\nchase_cuOff: no entry for 0x223a0\nchase_cuOff: no entry for 0x223df\nchase_cuOff: no entry for 0x37ea8\nchase_cuOff: no entry for 0x37eec\nchase_cuOff: no entry for 0x3b080\nchase_cuOff: no entry for 0x3b0cf\nchase_cuOff: no entry for 0xcb05b\nchase_cuOff: no entry for 0xcb060\nchase_cuOff: no entry for 0xcb092\nchase_cuOff: no entry for 0xcb097\nchase_cuOff: no entry for 0x223a0\nchase_cuOff: no entry for 0x223df\nchase_cuOff: no entry for 0x37ea8\nchase_cuOff: no entry for 0x37eec\nchase_cuOff: no entry for 0x3b080\nchase_cuOff: no entry for 0x3b0cf\nchase_cuOff: no entry for 0xcb05b\nchase_cuOff: no entry for 0xcb060\nchase_cuOff: no entry for 0xcb092\nchase_cuOff: no entry for 0xcb097\nchase_cuOff: no entry for 0x223a0\nchase_cuOff: no entry for 0x223df\nchase_cuOff: no entry for 0x37ea8\nchase_cuOff: no entry for 0x37eec\nchase_cuOff: no entry for 0x3b080\nchase_cuOff: no entry for 0x3b0cf\nchase_cuOff: no entry for 0xcb05b\nchase_cuOff: no entry for 0xcb060\nchase_cuOff: no entry for 0xcb092\nchase_cuOff: no entry for 0xcb097\nchase_cuOff: no entry for 0x223a0\nchase_cuOff: no entry for 0x223df\nchase_cuOff: no entry for 0x37ea8\nchase_cuOff: no entry for 0x37eec\nchase_cuOff: no entry for 0x3b080\nchase_cuOff: no entry for 0x3b0cf\nchase_cuOff: no entry for 0xcb05b\nchase_cuOff: no entry for 0xcb060\nchase_cuOff: no entry for 0xcb092\nchase_cuOff: no entry for 0xcb097\nchase_cuOff: no entry for 0x223a0\nchase_cuOff: no entry for 0x223df\nchase_cuOff: no entry for 0x37ea8\nchase_cuOff: no entry for 0x37eec\nchase_cuOff: no entry for 0x3b080\nchase_cuOff: no entry for 0x3b0cf\nchase_cuOff: no entry for 0xcb05b\nchase_cuOff: no entry for 0xcb060\nchase_cuOff: no entry for 0xcb092\nchase_cuOff: no entry for 0xcb097\nchase_cuOff: no entry for 0x223a0\nchase_cuOff: no entry for 0x223df\nchase_cuOff: no entry for 0x37ea8\nchase_cuOff: no entry for 0x37eec\nchase_cuOff: no entry for 0x3b080\nchase_cuOff: no entry for 0x3b0cf\nchase_cuOff: no entry for 0xcb05b\nchase_cuOff: no entry for 0xcb060\nchase_cuOff: no entry for 0xcb092\nchase_cuOff: no entry for 0xcb097\nchase_cuOff: no entry for 0x223a0\nchase_cuOff: no entry for 0x223df\nchase_cuOff: no entry for 0x37ea8\nchase_cuOff: no entry for 0x37eec\nchase_cuOff: no entry for 0x3b080\nchase_cuOff: no entry for 0x3b0cf\nchase_cuOff: no entry for 0xcb05b\nchase_cuOff: no entry for 0xcb060\nchase_cuOff: no entry for 0xcb092\nchase_cuOff: no entry for 0xcb097\nchase_cuOff: no entry for 0x223a0\nchase_cuOff: no entry for 0x223df\nchase_cuOff: no entry for 0x37ea8\nchase_cuOff: no entry for 0x37eec\nchase_cuOff: no entry for 0x3b080\nchase_cuOff: no entry for 0x3b0cf\nchase_cuOff: no entry for 0xcb05b\nchase_cuOff: no entry for 0xcb060\nchase_cuOff: no entry for 0xcb092\nchase_cuOff: no entry for 0xcb097\nchase_cuOff: no entry for 0x223a0\nchase_cuOff: no entry for 0x223df\nchase_cuOff: no entry for 0x37ea8\nchase_cuOff: no entry for 0x37eec\nchase_cuOff: no entry for 0x3b080\nchase_cuOff: no entry for 0x3b0cf\nchase_cuOff: no entry for 0xcb05b\nchase_cuOff: no entry for 0xcb060\nchase_cuOff: no entry for 0xcb092\nchase_cuOff: no entry for 0xcb097\nchase_cuOff: no entry for 0x223a0\nchase_cuOff: no entry for 0x223df\nchase_cuOff: no entry for 0x37ea8\nchase_cuOff: no entry for 0x37eec\nchase_cuOff: no entry for 0x3b080\nchase_cuOff: no entry for 0x3b0cf\nchase_cuOff: no entry for 0xcb05b\nchase_cuOff: no entry for 0xcb060\nchase_cuOff: no entry for 0xcb092\nchase_cuOff: no entry for 0xcb097\nchase_cuOff: no entry for 0x223a0\nchase_cuOff: no entry for 0x223df\nchase_cuOff: no entry for 0x37ea8\nchase_cuOff: no entry for 0x37eec\nchase_cuOff: no entry for 0x3b080\nchase_cuOff: no entry for 0x3b0cf\nchase_cuOff: no entry for 0xcb05b\nchase_cuOff: no entry for 0xcb060\nchase_cuOff: no entry for 0xcb092\nchase_cuOff: no entry for 0xcb097\n\n: Invalid cuOff = 0x56dfe\n--29222-- WARNING: Serious error when reading debug info\n--29222-- When reading debug info from /opt/gcc-6.2.0/lib64/libstdc++.so.6.0.22:\n--29222-- resolve_variable_types: cuOff does not refer to a known type\n====START_TEST_7615========EXCEPTION_TEST_7615======29222==\n==29222== ERROR SUMMARY: 0 errors from 0 contexts (suppressed: 32 from 32)",
                    "exit_code": 0,
                    "success": true,
                    "parsed_output": []
                }
            }
        },
        "2103": {
            "success": true,
            "status": 1,
            "tools": {
                "patch": {
                    "success": true
                },
                "compile[debug]": {
                    "status": 1,
                    "duration": 0,
                    "output": "",
                    "exit_code": 0,
                    "success": true,
                    "parsed_output": []
                },
                "execute": {
                    "output": "100 100 300 400 500 0",
                    "duration": 0,
                    "status": 1,
                    "exit_code": 0,
                    "success": true
                },
                "debug": {
                    "success": true
                },
                "profile[memcheck]": {
                    "status": 1,
                    "duration": 0,
                    "output": "==29242== Memcheck, a memory error detector\n==29242== Copyright (C) 2002-2012, and GNU GPL'd, by Julian Seward et al.\n==29242== Using Valgrind-3.8.1 and LibVEX; rerun with -h for copyright info\n==29242== Command: outputqYNmF8\n==29242==\n====START_TEST_7105====100 100 300 400 500 0====END_TEST_7105======29242==\n==29242== HEAP SUMMARY:\n==29242==     in use at exit: 72,704 bytes in 1 blocks\n==29242==   total heap usage: 9 allocs, 8 frees, 73,672 bytes allocated\n==29242==\n==29242== LEAK SUMMARY:\n==29242==    definitely lost: 0 bytes in 0 blocks\n==29242==    indirectly lost: 0 bytes in 0 blocks\n==29242==      possibly lost: 0 bytes in 0 blocks\n==29242==    still reachable: 72,704 bytes in 1 blocks\n==29242==         suppressed: 0 bytes in 0 blocks\n==29242== Reachable blocks (those to which a pointer was found) are not shown.\n==29242== To see them, rerun with: --leak-check=full --show-reachable=yes\n==29242==\n==29242== For counts of detected and suppressed errors, rerun with: -v\n==29242== ERROR SUMMARY: 0 errors from 0 contexts (suppressed: 8 from 6)",
                    "exit_code": 0,
                    "success": true,
                    "parsed_output": []
                },
                "profile[sgcheck]": {
                    "status": 1,
                    "duration": 2,
                    "output": "==29245== exp-sgcheck, a stack and global array overrun detector\n==29245== NOTE: This is an Experimental-Class Valgrind Tool\n==29245== Copyright (C) 2003-2012, and GNU GPL'd, by OpenWorks Ltd et al.\n==29245== Using Valgrind-3.8.1 and LibVEX; rerun with -h for copyright info\n==29245== Command: outputqYNmF8\n==29245==\nchase_cuOff: no entry for 0x223a0\nchase_cuOff: no entry for 0x223df\nchase_cuOff: no entry for 0x37ea8\nchase_cuOff: no entry for 0x37eec\nchase_cuOff: no entry for 0x3b080\nchase_cuOff: no entry for 0x3b0cf\nchase_cuOff: no entry for 0xcb05b\nchase_cuOff: no entry for 0xcb060\nchase_cuOff: no entry for 0xcb092\nchase_cuOff: no entry for 0xcb097\nchase_cuOff: no entry for 0x223a0\nchase_cuOff: no entry for 0x223df\nchase_cuOff: no entry for 0x37ea8\nchase_cuOff: no entry for 0x37eec\nchase_cuOff: no entry for 0x3b080\nchase_cuOff: no entry for 0x3b0cf\nchase_cuOff: no entry for 0xcb05b\nchase_cuOff: no entry for 0xcb060\nchase_cuOff: no entry for 0xcb092\nchase_cuOff: no entry for 0xcb097\nchase_cuOff: no entry for 0x223a0\nchase_cuOff: no entry for 0x223df\nchase_cuOff: no entry for 0x37ea8\nchase_cuOff: no entry for 0x37eec\nchase_cuOff: no entry for 0x3b080\nchase_cuOff: no entry for 0x3b0cf\nchase_cuOff: no entry for 0xcb05b\nchase_cuOff: no entry for 0xcb060\nchase_cuOff: no entry for 0xcb092\nchase_cuOff: no entry for 0xcb097\nchase_cuOff: no entry for 0x223a0\nchase_cuOff: no entry for 0x223df\nchase_cuOff: no entry for 0x37ea8\nchase_cuOff: no entry for 0x37eec\nchase_cuOff: no entry for 0x3b080\nchase_cuOff: no entry for 0x3b0cf\nchase_cuOff: no entry for 0xcb05b\nchase_cuOff: no entry for 0xcb060\nchase_cuOff: no entry for 0xcb092\nchase_cuOff: no entry for 0xcb097\nchase_cuOff: no entry for 0x223a0\nchase_cuOff: no entry for 0x223df\nchase_cuOff: no entry for 0x37ea8\nchase_cuOff: no entry for 0x37eec\nchase_cuOff: no entry for 0x3b080\nchase_cuOff: no entry for 0x3b0cf\nchase_cuOff: no entry for 0xcb05b\nchase_cuOff: no entry for 0xcb060\nchase_cuOff: no entry for 0xcb092\nchase_cuOff: no entry for 0xcb097\nchase_cuOff: no entry for 0x223a0\nchase_cuOff: no entry for 0x223df\nchase_cuOff: no entry for 0x37ea8\nchase_cuOff: no entry for 0x37eec\nchase_cuOff: no entry for 0x3b080\nchase_cuOff: no entry for 0x3b0cf\nchase_cuOff: no entry for 0xcb05b\nchase_cuOff: no entry for 0xcb060\nchase_cuOff: no entry for 0xcb092\nchase_cuOff: no entry for 0xcb097\nchase_cuOff: no entry for 0x223a0\nchase_cuOff: no entry for 0x223df\nchase_cuOff: no entry for 0x37ea8\nchase_cuOff: no entry for 0x37eec\nchase_cuOff: no entry for 0x3b080\nchase_cuOff: no entry for 0x3b0cf\nchase_cuOff: no entry for 0xcb05b\nchase_cuOff: no entry for 0xcb060\nchase_cuOff: no entry for 0xcb092\nchase_cuOff: no entry for 0xcb097\nchase_cuOff: no entry for 0x223a0\nchase_cuOff: no entry for 0x223df\nchase_cuOff: no entry for 0x37ea8\nchase_cuOff: no entry for 0x37eec\nchase_cuOff: no entry for 0x3b080\nchase_cuOff: no entry for 0x3b0cf\nchase_cuOff: no entry for 0xcb05b\nchase_cuOff: no entry for 0xcb060\nchase_cuOff: no entry for 0xcb092\nchase_cuOff: no entry for 0xcb097\nchase_cuOff: no entry for 0x223a0\nchase_cuOff: no entry for 0x223df\nchase_cuOff: no entry for 0x37ea8\nchase_cuOff: no entry for 0x37eec\nchase_cuOff: no entry for 0x3b080\nchase_cuOff: no entry for 0x3b0cf\nchase_cuOff: no entry for 0xcb05b\nchase_cuOff: no entry for 0xcb060\nchase_cuOff: no entry for 0xcb092\nchase_cuOff: no entry for 0xcb097\nchase_cuOff: no entry for 0x223a0\nchase_cuOff: no entry for 0x223df\nchase_cuOff: no entry for 0x37ea8\nchase_cuOff: no entry for 0x37eec\nchase_cuOff: no entry for 0x3b080\nchase_cuOff: no entry for 0x3b0cf\nchase_cuOff: no entry for 0xcb05b\nchase_cuOff: no entry for 0xcb060\nchase_cuOff: no entry for 0xcb092\nchase_cuOff: no entry for 0xcb097\nchase_cuOff: no entry for 0x223a0\nchase_cuOff: no entry for 0x223df\nchase_cuOff: no entry for 0x37ea8\nchase_cuOff: no entry for 0x37eec\nchase_cuOff: no entry for 0x3b080\nchase_cuOff: no entry for 0x3b0cf\nchase_cuOff: no entry for 0xcb05b\nchase_cuOff: no entry for 0xcb060\nchase_cuOff: no entry for 0xcb092\nchase_cuOff: no entry for 0xcb097\nchase_cuOff: no entry for 0x223a0\nchase_cuOff: no entry for 0x223df\nchase_cuOff: no entry for 0x37ea8\nchase_cuOff: no entry for 0x37eec\nchase_cuOff: no entry for 0x3b080\nchase_cuOff: no entry for 0x3b0cf\nchase_cuOff: no entry for 0xcb05b\nchase_cuOff: no entry for 0xcb060\nchase_cuOff: no entry for 0xcb092\nchase_cuOff: no entry for 0xcb097\n\n: Invalid cuOff = 0x56dfe\n--29245-- WARNING: Serious error when reading debug info\n--29245-- When reading debug info from /opt/gcc-6.2.0/lib64/libstdc++.so.6.0.22:\n--29245-- resolve_variable_types: cuOff does not refer to a known type\n====START_TEST_7105====100 100 300 400 500 0====END_TEST_7105======29245==\n==29245== ERROR SUMMARY: 0 errors from 0 contexts (suppressed: 32 from 32)",
                    "exit_code": 0,
                    "success": true,
                    "parsed_output": []
                }
            }
        },
        "2104": {
            "success": true,
            "status": 1,
            "tools": {
                "patch": {
                    "success": true
                },
                "compile[debug]": {
                    "status": 1,
                    "duration": 1,
                    "output": "",
                    "exit_code": 0,
                    "success": true,
                    "parsed_output": []
                },
                "execute": {
                    "output": "11001",
                    "duration": 0,
                    "status": 1,
                    "exit_code": 0,
                    "success": true
                },
                "debug": {
                    "success": true
                },
                "profile[memcheck]": {
                    "status": 1,
                    "duration": 10,
                    "output": "==29265== Memcheck, a memory error detector\n==29265== Copyright (C) 2002-2012, and GNU GPL'd, by Julian Seward et al.\n==29265== Using Valgrind-3.8.1 and LibVEX; rerun with -h for copyright info\n==29265== Command: outputnhob7D\n==29265==\n====START_TEST_8761======29265==\n==29265== HEAP SUMMARY:\n==29265==     in use at exit: 91,552 bytes in 754 blocks\n==29265==   total heap usage: 754 allocs, 0 frees, 91,552 bytes allocated\n==29265==\n==29265== LEAK SUMMARY:\n==29265==    definitely lost: 0 bytes in 0 blocks\n==29265==    indirectly lost: 0 bytes in 0 blocks\n==29265==      possibly lost: 0 bytes in 0 blocks\n==29265==    still reachable: 91,552 bytes in 754 blocks\n==29265==         suppressed: 0 bytes in 0 blocks\n==29265== Reachable blocks (those to which a pointer was found) are not shown.\n==29265== To see them, rerun with: --leak-check=full --show-reachable=yes\n==29265==\n==29265== For counts of detected and suppressed errors, rerun with: -v\n==29265== ERROR SUMMARY: 0 errors from 0 contexts (suppressed: 8 from 6)",
                    "exit_code": 124,
                    "success": true,
                    "parsed_output": []
                },
                "profile[sgcheck]": {
                    "status": 1,
                    "duration": 10,
                    "output": "==29269== exp-sgcheck, a stack and global array overrun detector\n==29269== NOTE: This is an Experimental-Class Valgrind Tool\n==29269== Copyright (C) 2003-2012, and GNU GPL'd, by OpenWorks Ltd et al.\n==29269== Using Valgrind-3.8.1 and LibVEX; rerun with -h for copyright info\n==29269== Command: outputnhob7D\n==29269==\nchase_cuOff: no entry for 0x223a0\nchase_cuOff: no entry for 0x223df\nchase_cuOff: no entry for 0x37ea8\nchase_cuOff: no entry for 0x37eec\nchase_cuOff: no entry for 0x3b080\nchase_cuOff: no entry for 0x3b0cf\nchase_cuOff: no entry for 0xcb05b\nchase_cuOff: no entry for 0xcb060\nchase_cuOff: no entry for 0xcb092\nchase_cuOff: no entry for 0xcb097\nchase_cuOff: no entry for 0x223a0\nchase_cuOff: no entry for 0x223df\nchase_cuOff: no entry for 0x37ea8\nchase_cuOff: no entry for 0x37eec\nchase_cuOff: no entry for 0x3b080\nchase_cuOff: no entry for 0x3b0cf\nchase_cuOff: no entry for 0xcb05b\nchase_cuOff: no entry for 0xcb060\nchase_cuOff: no entry for 0xcb092\nchase_cuOff: no entry for 0xcb097\nchase_cuOff: no entry for 0x223a0\nchase_cuOff: no entry for 0x223df\nchase_cuOff: no entry for 0x37ea8\nchase_cuOff: no entry for 0x37eec\nchase_cuOff: no entry for 0x3b080\nchase_cuOff: no entry for 0x3b0cf\nchase_cuOff: no entry for 0xcb05b\nchase_cuOff: no entry for 0xcb060\nchase_cuOff: no entry for 0xcb092\nchase_cuOff: no entry for 0xcb097\nchase_cuOff: no entry for 0x223a0\nchase_cuOff: no entry for 0x223df\nchase_cuOff: no entry for 0x37ea8\nchase_cuOff: no entry for 0x37eec\nchase_cuOff: no entry for 0x3b080\nchase_cuOff: no entry for 0x3b0cf\nchase_cuOff: no entry for 0xcb05b\nchase_cuOff: no entry for 0xcb060\nchase_cuOff: no entry for 0xcb092\nchase_cuOff: no entry for 0xcb097\nchase_cuOff: no entry for 0x223a0\nchase_cuOff: no entry for 0x223df\nchase_cuOff: no entry for 0x37ea8\nchase_cuOff: no entry for 0x37eec\nchase_cuOff: no entry for 0x3b080\nchase_cuOff: no entry for 0x3b0cf\nchase_cuOff: no entry for 0xcb05b\nchase_cuOff: no entry for 0xcb060\nchase_cuOff: no entry for 0xcb092\nchase_cuOff: no entry for 0xcb097\nchase_cuOff: no entry for 0x223a0\nchase_cuOff: no entry for 0x223df\nchase_cuOff: no entry for 0x37ea8\nchase_cuOff: no entry for 0x37eec\nchase_cuOff: no entry for 0x3b080\nchase_cuOff: no entry for 0x3b0cf\nchase_cuOff: no entry for 0xcb05b\nchase_cuOff: no entry for 0xcb060\nchase_cuOff: no entry for 0xcb092\nchase_cuOff: no entry for 0xcb097\nchase_cuOff: no entry for 0x223a0\nchase_cuOff: no entry for 0x223df\nchase_cuOff: no entry for 0x37ea8\nchase_cuOff: no entry for 0x37eec\nchase_cuOff: no entry for 0x3b080\nchase_cuOff: no entry for 0x3b0cf\nchase_cuOff: no entry for 0xcb05b\nchase_cuOff: no entry for 0xcb060\nchase_cuOff: no entry for 0xcb092\nchase_cuOff: no entry for 0xcb097\nchase_cuOff: no entry for 0x223a0\nchase_cuOff: no entry for 0x223df\nchase_cuOff: no entry for 0x37ea8\nchase_cuOff: no entry for 0x37eec\nchase_cuOff: no entry for 0x3b080\nchase_cuOff: no entry for 0x3b0cf\nchase_cuOff: no entry for 0xcb05b\nchase_cuOff: no entry for 0xcb060\nchase_cuOff: no entry for 0xcb092\nchase_cuOff: no entry for 0xcb097\nchase_cuOff: no entry for 0x223a0\nchase_cuOff: no entry for 0x223df\nchase_cuOff: no entry for 0x37ea8\nchase_cuOff: no entry for 0x37eec\nchase_cuOff: no entry for 0x3b080\nchase_cuOff: no entry for 0x3b0cf\nchase_cuOff: no entry for 0xcb05b\nchase_cuOff: no entry for 0xcb060\nchase_cuOff: no entry for 0xcb092\nchase_cuOff: no entry for 0xcb097\nchase_cuOff: no entry for 0x223a0\nchase_cuOff: no entry for 0x223df\nchase_cuOff: no entry for 0x37ea8\nchase_cuOff: no entry for 0x37eec\nchase_cuOff: no entry for 0x3b080\nchase_cuOff: no entry for 0x3b0cf\nchase_cuOff: no entry for 0xcb05b\nchase_cuOff: no entry for 0xcb060\nchase_cuOff: no entry for 0xcb092\nchase_cuOff: no entry for 0xcb097\nchase_cuOff: no entry for 0x223a0\nchase_cuOff: no entry for 0x223df\nchase_cuOff: no entry for 0x37ea8\nchase_cuOff: no entry for 0x37eec\nchase_cuOff: no entry for 0x3b080\nchase_cuOff: no entry for 0x3b0cf\nchase_cuOff: no entry for 0xcb05b\nchase_cuOff: no entry for 0xcb060\nchase_cuOff: no entry for 0xcb092\nchase_cuOff: no entry for 0xcb097\nchase_cuOff: no entry for 0x223a0\nchase_cuOff: no entry for 0x223df\nchase_cuOff: no entry for 0x37ea8\nchase_cuOff: no entry for 0x37eec\nchase_cuOff: no entry for 0x3b080\nchase_cuOff: no entry for 0x3b0cf\nchase_cuOff: no entry for 0xcb05b\nchase_cuOff: no entry for 0xcb060\nchase_cuOff: no entry for 0xcb092\nchase_cuOff: no entry for 0xcb097\n\n: Invalid cuOff = 0x56dfe\n--29269-- WARNING: Serious error when reading debug info\n--29269-- When reading debug info from /opt/gcc-6.2.0/lib64/libstdc++.so.6.0.22:\n--29269-- resolve_variable_types: cuOff does not refer to a known type\n==29269==\n==29269== ERROR SUMMARY: 0 errors from 0 contexts (suppressed: 32 from 32)",
                    "exit_code": 124,
                    "success": true,
                    "parsed_output": []
                }
            }
        },
        "2105": {
            "success": false,
            "status": 3,
            "tools": {
                "patch": {
                    "success": true
                },
                "compile[debug]": {
                    "status": 5,
                    "duration": 1,
                    "output": "main.cpp: In function int main():\nmain.cpp:211:1: error: UsmjereniGraf was not declared in this scope\n UsmjereniGraf<bool> *g = new ListaGraf<bool>(6);\n ^~~~~~~~~~~~~\nmain.cpp:211:15: error: expected primary-expression before bool\n UsmjereniGraf<bool> *g = new ListaGraf<bool>(6);\n               ^~~~\nmain.cpp:212:3: error: g was not declared in this scope\n   g->dodajGranu(0, 1, 2.5);\n   ^\nmain.cpp:223:10: error: type <type error> argument given to delete, expected pointer\n   delete g;\n          ^",
                    "exit_code": 1,
                    "success": false,
                    "parsed_output": [
                        {
                            "type": "error",
                            "file": "TEST_CODE",
                            "line": 4,
                            "col": "1",
                            "message": "'UsmjereniGraf' was not declared in this scope",
                            "code": "UsmjereniGraf<bool> *g = new ListaGraf<bool>(6);"
                        },
                        {
                            "type": "error",
                            "file": "TEST_CODE",
                            "line": 4,
                            "col": "15",
                            "message": "expected primary-expression before 'bool'",
                            "code": "UsmjereniGraf<bool> *g = new ListaGraf<bool>(6);"
                        },
                        {
                            "type": "error",
                            "file": "TEST_CODE",
                            "line": 5,
                            "col": "3",
                            "message": "'g' was not declared in this scope",
                            "code": "g->dodajGranu(0, 1, 2.5);"
                        },
                        {
                            "type": "error",
                            "file": "TEST_CODE",
                            "line": 16,
                            "col": "10",
                            "message": "type '<type error>' argument given to 'delete', expected pointer",
                            "code": "delete g;"
                        }
                    ]
                }
            }
        },
        "2106": {
            "success": false,
            "status": 3,
            "tools": {
                "patch": {
                    "success": true
                },
                "compile[debug]": {
                    "status": 5,
                    "duration": 0,
                    "output": "main.cpp: In function int main():\nmain.cpp:211:1: error: UsmjereniGraf was not declared in this scope\n UsmjereniGraf<bool> *g = new ListaGraf<bool>(6);\n ^~~~~~~~~~~~~\nmain.cpp:211:15: error: expected primary-expression before bool\n UsmjereniGraf<bool> *g = new ListaGraf<bool>(6);\n               ^~~~\nmain.cpp:212:3: error: g was not declared in this scope\n   g->dodajGranu(0, 1, 2.5);\n   ^\nmain.cpp:225:10: error: type <type error> argument given to delete, expected pointer\n   delete g;\n          ^",
                    "exit_code": 1,
                    "success": false,
                    "parsed_output": [
                        {
                            "type": "error",
                            "file": "TEST_CODE",
                            "line": 4,
                            "col": "1",
                            "message": "'UsmjereniGraf' was not declared in this scope",
                            "code": "UsmjereniGraf<bool> *g = new ListaGraf<bool>(6);"
                        },
                        {
                            "type": "error",
                            "file": "TEST_CODE",
                            "line": 4,
                            "col": "15",
                            "message": "expected primary-expression before 'bool'",
                            "code": "UsmjereniGraf<bool> *g = new ListaGraf<bool>(6);"
                        },
                        {
                            "type": "error",
                            "file": "TEST_CODE",
                            "line": 5,
                            "col": "3",
                            "message": "'g' was not declared in this scope",
                            "code": "g->dodajGranu(0, 1, 2.5);"
                        },
                        {
                            "type": "error",
                            "file": "TEST_CODE",
                            "line": 18,
                            "col": "10",
                            "message": "type '<type error>' argument given to 'delete', expected pointer",
                            "code": "delete g;"
                        }
                    ]
                }
            }
        },
        "2107": {
            "success": false,
            "status": 3,
            "tools": {
                "patch": {
                    "success": true
                },
                "compile[debug]": {
                    "status": 5,
                    "duration": 1,
                    "output": "main.cpp: In function int main():\nmain.cpp:211:1: error: UsmjereniGraf was not declared in this scope\n UsmjereniGraf<bool> *g = new ListaGraf<bool>(4);\n ^~~~~~~~~~~~~\nmain.cpp:211:15: error: expected primary-expression before bool\n UsmjereniGraf<bool> *g = new ListaGraf<bool>(4);\n               ^~~~\nmain.cpp:212:3: error: g was not declared in this scope\n   g->dodajGranu(0, 1, 2.5);\n   ^\nmain.cpp:221:10: error: type <type error> argument given to delete, expected pointer\n   delete g;\n          ^",
                    "exit_code": 1,
                    "success": false,
                    "parsed_output": [
                        {
                            "type": "error",
                            "file": "TEST_CODE",
                            "line": 4,
                            "col": "1",
                            "message": "'UsmjereniGraf' was not declared in this scope",
                            "code": "UsmjereniGraf<bool> *g = new ListaGraf<bool>(4);"
                        },
                        {
                            "type": "error",
                            "file": "TEST_CODE",
                            "line": 4,
                            "col": "15",
                            "message": "expected primary-expression before 'bool'",
                            "code": "UsmjereniGraf<bool> *g = new ListaGraf<bool>(4);"
                        },
                        {
                            "type": "error",
                            "file": "TEST_CODE",
                            "line": 5,
                            "col": "3",
                            "message": "'g' was not declared in this scope",
                            "code": "g->dodajGranu(0, 1, 2.5);"
                        },
                        {
                            "type": "error",
                            "file": "TEST_CODE",
                            "line": 14,
                            "col": "10",
                            "message": "type '<type error>' argument given to 'delete', expected pointer",
                            "code": "delete g;"
                        }
                    ]
                }
            }
        },
        "2108": {
            "success": false,
            "status": 3,
            "tools": {
                "patch": {
                    "success": true
                },
                "compile[debug]": {
                    "status": 5,
                    "duration": 0,
                    "output": "main.cpp: In function int main():\nmain.cpp:213:1: error: UsmjereniGraf was not declared in this scope\n UsmjereniGraf<std::string> *g = new ListaGraf<std::string>(4);\n ^~~~~~~~~~~~~\nmain.cpp:213:26: error: expected primary-expression before > token\n UsmjereniGraf<std::string> *g = new ListaGraf<std::string>(4);\n                          ^\nmain.cpp:213:29: error: g was not declared in this scope\n UsmjereniGraf<std::string> *g = new ListaGraf<std::string>(4);\n                             ^\nmain.cpp:213:37: error: ListaGraf does not name a type\n UsmjereniGraf<std::string> *g = new ListaGraf<std::string>(4);\n                                     ^~~~~~~~~\nmain.cpp:213:58: error: expected primary-expression before > token\n UsmjereniGraf<std::string> *g = new ListaGraf<std::string>(4);\n                                                          ^\nmain.cpp:223:10: error: type <type error> argument given to delete, expected pointer\n   delete g;\n          ^",
                    "exit_code": 1,
                    "success": false,
                    "parsed_output": [
                        {
                            "type": "error",
                            "file": "TEST_CODE",
                            "line": 6,
                            "col": "1",
                            "message": "'UsmjereniGraf' was not declared in this scope",
                            "code": "UsmjereniGraf<std::string> *g = new ListaGraf<std::string>(4);"
                        },
                        {
                            "type": "error",
                            "file": "TEST_CODE",
                            "line": 6,
                            "col": "26",
                            "message": "expected primary-expression before '>' token",
                            "code": "UsmjereniGraf<std::string> *g = new ListaGraf<std::string>(4);"
                        },
                        {
                            "type": "error",
                            "file": "TEST_CODE",
                            "line": 6,
                            "col": "29",
                            "message": "'g' was not declared in this scope",
                            "code": "UsmjereniGraf<std::string> *g = new ListaGraf<std::string>(4);"
                        },
                        {
                            "type": "error",
                            "file": "TEST_CODE",
                            "line": 6,
                            "col": "37",
                            "message": "'ListaGraf' does not name a type",
                            "code": "UsmjereniGraf<std::string> *g = new ListaGraf<std::string>(4);"
                        },
                        {
                            "type": "error",
                            "file": "TEST_CODE",
                            "line": 6,
                            "col": "58",
                            "message": "expected primary-expression before '>' token",
                            "code": "UsmjereniGraf<std::string> *g = new ListaGraf<std::string>(4);"
                        },
                        {
                            "type": "error",
                            "file": "TEST_CODE",
                            "line": 16,
                            "col": "10",
                            "message": "type '<type error>' argument given to 'delete', expected pointer",
                            "code": "delete g;"
                        }
                    ]
                }
            }
        },
        "2109": {
            "success": false,
            "status": 3,
            "tools": {
                "patch": {
                    "success": true
                },
                "compile[debug]": {
                    "status": 5,
                    "duration": 0,
                    "output": "main.cpp: In function int main():\nmain.cpp:213:1: error: UsmjereniGraf was not declared in this scope\n UsmjereniGraf<std::string> *g = new ListaGraf<std::string>(4);\n ^~~~~~~~~~~~~\nmain.cpp:213:26: error: expected primary-expression before > token\n UsmjereniGraf<std::string> *g = new ListaGraf<std::string>(4);\n                          ^\nmain.cpp:213:29: error: g was not declared in this scope\n UsmjereniGraf<std::string> *g = new ListaGraf<std::string>(4);\n                             ^\nmain.cpp:213:37: error: ListaGraf does not name a type\n UsmjereniGraf<std::string> *g = new ListaGraf<std::string>(4);\n                                     ^~~~~~~~~\nmain.cpp:213:58: error: expected primary-expression before > token\n UsmjereniGraf<std::string> *g = new ListaGraf<std::string>(4);\n                                                          ^\nmain.cpp:218:10: error: type <type error> argument given to delete, expected pointer\n   delete g;\n          ^",
                    "exit_code": 1,
                    "success": false,
                    "parsed_output": [
                        {
                            "type": "error",
                            "file": "TEST_CODE",
                            "line": 6,
                            "col": "1",
                            "message": "'UsmjereniGraf' was not declared in this scope",
                            "code": "UsmjereniGraf<std::string> *g = new ListaGraf<std::string>(4);"
                        },
                        {
                            "type": "error",
                            "file": "TEST_CODE",
                            "line": 6,
                            "col": "26",
                            "message": "expected primary-expression before '>' token",
                            "code": "UsmjereniGraf<std::string> *g = new ListaGraf<std::string>(4);"
                        },
                        {
                            "type": "error",
                            "file": "TEST_CODE",
                            "line": 6,
                            "col": "29",
                            "message": "'g' was not declared in this scope",
                            "code": "UsmjereniGraf<std::string> *g = new ListaGraf<std::string>(4);"
                        },
                        {
                            "type": "error",
                            "file": "TEST_CODE",
                            "line": 6,
                            "col": "37",
                            "message": "'ListaGraf' does not name a type",
                            "code": "UsmjereniGraf<std::string> *g = new ListaGraf<std::string>(4);"
                        },
                        {
                            "type": "error",
                            "file": "TEST_CODE",
                            "line": 6,
                            "col": "58",
                            "message": "expected primary-expression before '>' token",
                            "code": "UsmjereniGraf<std::string> *g = new ListaGraf<std::string>(4);"
                        },
                        {
                            "type": "error",
                            "file": "TEST_CODE",
                            "line": 11,
                            "col": "10",
                            "message": "type '<type error>' argument given to 'delete', expected pointer",
                            "code": "delete g;"
                        }
                    ]
                }
            }
        },
        "2110": {
            "success": false,
            "status": 3,
            "tools": {
                "patch": {
                    "success": true
                },
                "compile[debug]": {
                    "status": 5,
                    "duration": 1,
                    "output": "main.cpp: In function int main():\nmain.cpp:213:1: error: UsmjereniGraf was not declared in this scope\n UsmjereniGraf<std::string> *g = new ListaGraf<std::string>(4);\n ^~~~~~~~~~~~~\nmain.cpp:213:26: error: expected primary-expression before > token\n UsmjereniGraf<std::string> *g = new ListaGraf<std::string>(4);\n                          ^\nmain.cpp:213:29: error: g was not declared in this scope\n UsmjereniGraf<std::string> *g = new ListaGraf<std::string>(4);\n                             ^\nmain.cpp:213:37: error: ListaGraf does not name a type\n UsmjereniGraf<std::string> *g = new ListaGraf<std::string>(4);\n                                     ^~~~~~~~~\nmain.cpp:213:58: error: expected primary-expression before > token\n UsmjereniGraf<std::string> *g = new ListaGraf<std::string>(4);\n                                                          ^\nmain.cpp:219:10: error: type <type error> argument given to delete, expected pointer\n   delete g;\n          ^",
                    "exit_code": 1,
                    "success": false,
                    "parsed_output": [
                        {
                            "type": "error",
                            "file": "TEST_CODE",
                            "line": 6,
                            "col": "1",
                            "message": "'UsmjereniGraf' was not declared in this scope",
                            "code": "UsmjereniGraf<std::string> *g = new ListaGraf<std::string>(4);"
                        },
                        {
                            "type": "error",
                            "file": "TEST_CODE",
                            "line": 6,
                            "col": "26",
                            "message": "expected primary-expression before '>' token",
                            "code": "UsmjereniGraf<std::string> *g = new ListaGraf<std::string>(4);"
                        },
                        {
                            "type": "error",
                            "file": "TEST_CODE",
                            "line": 6,
                            "col": "29",
                            "message": "'g' was not declared in this scope",
                            "code": "UsmjereniGraf<std::string> *g = new ListaGraf<std::string>(4);"
                        },
                        {
                            "type": "error",
                            "file": "TEST_CODE",
                            "line": 6,
                            "col": "37",
                            "message": "'ListaGraf' does not name a type",
                            "code": "UsmjereniGraf<std::string> *g = new ListaGraf<std::string>(4);"
                        },
                        {
                            "type": "error",
                            "file": "TEST_CODE",
                            "line": 6,
                            "col": "58",
                            "message": "expected primary-expression before '>' token",
                            "code": "UsmjereniGraf<std::string> *g = new ListaGraf<std::string>(4);"
                        },
                        {
                            "type": "error",
                            "file": "TEST_CODE",
                            "line": 12,
                            "col": "10",
                            "message": "type '<type error>' argument given to 'delete', expected pointer",
                            "code": "delete g;"
                        }
                    ]
                }
            }
        },
        "2111": {
            "success": false,
            "status": 3,
            "tools": {
                "patch": {
                    "success": true
                },
                "compile[debug]": {
                    "status": 5,
                    "duration": 0,
                    "output": "main.cpp: In function int main():\nmain.cpp:213:1: error: UsmjereniGraf was not declared in this scope\n UsmjereniGraf<std::string> *g = new ListaGraf<std::string>(4);\n ^~~~~~~~~~~~~\nmain.cpp:213:26: error: expected primary-expression before > token\n UsmjereniGraf<std::string> *g = new ListaGraf<std::string>(4);\n                          ^\nmain.cpp:213:29: error: g was not declared in this scope\n UsmjereniGraf<std::string> *g = new ListaGraf<std::string>(4);\n                             ^\nmain.cpp:213:37: error: ListaGraf does not name a type\n UsmjereniGraf<std::string> *g = new ListaGraf<std::string>(4);\n                                     ^~~~~~~~~\nmain.cpp:213:58: error: expected primary-expression before > token\n UsmjereniGraf<std::string> *g = new ListaGraf<std::string>(4);\n                                                          ^\nmain.cpp:224:8: error: type <type error> argument given to delete, expected pointer\n delete g;\n        ^",
                    "exit_code": 1,
                    "success": false,
                    "parsed_output": [
                        {
                            "type": "error",
                            "file": "TEST_CODE",
                            "line": 6,
                            "col": "1",
                            "message": "'UsmjereniGraf' was not declared in this scope",
                            "code": "UsmjereniGraf<std::string> *g = new ListaGraf<std::string>(4);"
                        },
                        {
                            "type": "error",
                            "file": "TEST_CODE",
                            "line": 6,
                            "col": "26",
                            "message": "expected primary-expression before '>' token",
                            "code": "UsmjereniGraf<std::string> *g = new ListaGraf<std::string>(4);"
                        },
                        {
                            "type": "error",
                            "file": "TEST_CODE",
                            "line": 6,
                            "col": "29",
                            "message": "'g' was not declared in this scope",
                            "code": "UsmjereniGraf<std::string> *g = new ListaGraf<std::string>(4);"
                        },
                        {
                            "type": "error",
                            "file": "TEST_CODE",
                            "line": 6,
                            "col": "37",
                            "message": "'ListaGraf' does not name a type",
                            "code": "UsmjereniGraf<std::string> *g = new ListaGraf<std::string>(4);"
                        },
                        {
                            "type": "error",
                            "file": "TEST_CODE",
                            "line": 6,
                            "col": "58",
                            "message": "expected primary-expression before '>' token",
                            "code": "UsmjereniGraf<std::string> *g = new ListaGraf<std::string>(4);"
                        },
                        {
                            "type": "error",
                            "file": "TEST_CODE",
                            "line": 17,
                            "col": "8",
                            "message": "type '<type error>' argument given to 'delete', expected pointer",
                            "code": "delete g;"
                        }
                    ]
                }
            }
        },
        "2112": {
            "success": false,
            "status": 3,
            "tools": {
                "patch": {
                    "success": true
                },
                "compile[debug]": {
                    "status": 5,
                    "duration": 1,
                    "output": "main.cpp: In function int main():\nmain.cpp:211:1: error: UsmjereniGraf was not declared in this scope\n UsmjereniGraf<bool> *g = new ListaGraf<bool>(6);\n ^~~~~~~~~~~~~\nmain.cpp:211:15: error: expected primary-expression before bool\n UsmjereniGraf<bool> *g = new ListaGraf<bool>(6);\n               ^~~~\nmain.cpp:212:5: error: g was not declared in this scope\n     g->dodajGranu(0, 1, 2.5);\n     ^\nmain.cpp:216:10: error: GranaIterator was not declared in this scope\n     for (GranaIterator<bool> iter = g->dajGranePocetak();\n          ^~~~~~~~~~~~~\nmain.cpp:216:24: error: expected primary-expression before bool\n     for (GranaIterator<bool> iter = g->dajGranePocetak();\n                        ^~~~\nmain.cpp:217:10: error: iter was not declared in this scope\n          iter != g->dajGraneKraj(); ++iter)\n          ^~~~\nmain.cpp:221:10: error: type <type error> argument given to delete, expected pointer\n   delete g;\n          ^",
                    "exit_code": 1,
                    "success": false,
                    "parsed_output": [
                        {
                            "type": "error",
                            "file": "TEST_CODE",
                            "line": 4,
                            "col": "1",
                            "message": "'UsmjereniGraf' was not declared in this scope",
                            "code": "UsmjereniGraf<bool> *g = new ListaGraf<bool>(6);"
                        },
                        {
                            "type": "error",
                            "file": "TEST_CODE",
                            "line": 4,
                            "col": "15",
                            "message": "expected primary-expression before 'bool'",
                            "code": "UsmjereniGraf<bool> *g = new ListaGraf<bool>(6);"
                        },
                        {
                            "type": "error",
                            "file": "TEST_CODE",
                            "line": 5,
                            "col": "5",
                            "message": "'g' was not declared in this scope",
                            "code": "g->dodajGranu(0, 1, 2.5);"
                        },
                        {
                            "type": "error",
                            "file": "TEST_CODE",
                            "line": 9,
                            "col": "10",
                            "message": "'GranaIterator' was not declared in this scope",
                            "code": "for (GranaIterator<bool> iter = g->dajGranePocetak();"
                        },
                        {
                            "type": "error",
                            "file": "TEST_CODE",
                            "line": 9,
                            "col": "24",
                            "message": "expected primary-expression before 'bool'",
                            "code": "for (GranaIterator<bool> iter = g->dajGranePocetak();"
                        },
                        {
                            "type": "error",
                            "file": "TEST_CODE",
                            "line": 10,
                            "col": "10",
                            "message": "'iter' was not declared in this scope",
                            "code": "iter != g->dajGraneKraj(); ++iter)"
                        },
                        {
                            "type": "error",
                            "file": "TEST_CODE",
                            "line": 14,
                            "col": "10",
                            "message": "type '<type error>' argument given to 'delete', expected pointer",
                            "code": "delete g;"
                        }
                    ]
                }
            }
        },
        "2113": {
            "success": false,
            "status": 3,
            "tools": {
                "patch": {
                    "success": true
                },
                "compile[debug]": {
                    "status": 5,
                    "duration": 0,
                    "output": "main.cpp: In function int main():\nmain.cpp:211:1: error: ListaGraf was not declared in this scope\n ListaGraf<bool> g(6);\n ^~~~~~~~~\nmain.cpp:211:11: error: expected primary-expression before bool\n ListaGraf<bool> g(6);\n           ^~~~\nmain.cpp:212:1: error: g was not declared in this scope\n g.dodajGranu(0, 1, 0);\n ^",
                    "exit_code": 1,
                    "success": false,
                    "parsed_output": [
                        {
                            "type": "error",
                            "file": "TEST_CODE",
                            "line": 4,
                            "col": "1",
                            "message": "'ListaGraf' was not declared in this scope",
                            "code": "ListaGraf<bool> g(6);"
                        },
                        {
                            "type": "error",
                            "file": "TEST_CODE",
                            "line": 4,
                            "col": "11",
                            "message": "expected primary-expression before 'bool'",
                            "code": "ListaGraf<bool> g(6);"
                        },
                        {
                            "type": "error",
                            "file": "TEST_CODE",
                            "line": 5,
                            "col": "1",
                            "message": "'g' was not declared in this scope",
                            "code": "g.dodajGranu(0, 1, 0);"
                        }
                    ]
                }
            }
        },
        "2114": {
            "success": false,
            "status": 3,
            "tools": {
                "patch": {
                    "success": true
                },
                "compile[debug]": {
                    "status": 5,
                    "duration": 1,
                    "output": "main.cpp: In function int main():\nmain.cpp:213:1: error: UsmjereniGraf was not declared in this scope\n UsmjereniGraf<bool> *g = new ListaGraf<bool>(6);\n ^~~~~~~~~~~~~\nmain.cpp:213:15: error: expected primary-expression before bool\n UsmjereniGraf<bool> *g = new ListaGraf<bool>(6);\n               ^~~~\nmain.cpp:214:5: error: g was not declared in this scope\n     g->dodajGranu(0, 1, 2.5);\n     ^\nmain.cpp:221:17: error: Cvor was not declared in this scope\n     std::vector<Cvor<bool> > dfs_obilazak;\n                 ^~~~\nmain.cpp:221:26: error: template argument 1 is invalid\n     std::vector<Cvor<bool> > dfs_obilazak;\n                          ^\nmain.cpp:221:26: error: template argument 2 is invalid\nmain.cpp:221:28: error: expected unqualified-id before > token\n     std::vector<Cvor<bool> > dfs_obilazak;\n                            ^\nmain.cpp:222:12: error: dfs_obilazak was not declared in this scope\n     dfs(g, dfs_obilazak, g->dajCvor(0));\n            ^~~~~~~~~~~~\nmain.cpp:222:39: error: dfs was not declared in this scope\n     dfs(g, dfs_obilazak, g->dajCvor(0));\n                                       ^\nmain.cpp:225:10: error: type <type error> argument given to delete, expected pointer\n   delete g;\n          ^",
                    "exit_code": 1,
                    "success": false,
                    "parsed_output": [
                        {
                            "type": "error",
                            "file": "TEST_CODE",
                            "line": 6,
                            "col": "1",
                            "message": "'UsmjereniGraf' was not declared in this scope",
                            "code": "UsmjereniGraf<bool> *g = new ListaGraf<bool>(6);"
                        },
                        {
                            "type": "error",
                            "file": "TEST_CODE",
                            "line": 6,
                            "col": "15",
                            "message": "expected primary-expression before 'bool'",
                            "code": "UsmjereniGraf<bool> *g = new ListaGraf<bool>(6);"
                        },
                        {
                            "type": "error",
                            "file": "TEST_CODE",
                            "line": 7,
                            "col": "5",
                            "message": "'g' was not declared in this scope",
                            "code": "g->dodajGranu(0, 1, 2.5);"
                        },
                        {
                            "type": "error",
                            "file": "TEST_CODE",
                            "line": 14,
                            "col": "17",
                            "message": "'Cvor' was not declared in this scope",
                            "code": "std::vector<Cvor<bool> > dfs_obilazak;"
                        },
                        {
                            "type": "error",
                            "file": "TEST_CODE",
                            "line": 14,
                            "col": "26",
                            "message": "template argument 1 is invalid",
                            "code": "std::vector<Cvor<bool> > dfs_obilazak;"
                        },
                        {
                            "type": "error",
                            "file": "TEST_CODE",
                            "line": 14,
                            "col": "26",
                            "message": "template argument 2 is invalid"
                        },
                        {
                            "type": "error",
                            "file": "TEST_CODE",
                            "line": 14,
                            "col": "28",
                            "message": "expected unqualified-id before '>' token",
                            "code": "std::vector<Cvor<bool> > dfs_obilazak;"
                        },
                        {
                            "type": "error",
                            "file": "TEST_CODE",
                            "line": 15,
                            "col": "12",
                            "message": "'dfs_obilazak' was not declared in this scope",
                            "code": "dfs(g, dfs_obilazak, g->dajCvor(0));"
                        },
                        {
                            "type": "error",
                            "file": "TEST_CODE",
                            "line": 15,
                            "col": "39",
                            "message": "'dfs' was not declared in this scope",
                            "code": "dfs(g, dfs_obilazak, g->dajCvor(0));"
                        },
                        {
                            "type": "error",
                            "file": "TEST_CODE",
                            "line": 18,
                            "col": "10",
                            "message": "type '<type error>' argument given to 'delete', expected pointer",
                            "code": "delete g;"
                        }
                    ]
                }
            }
        },
        "2115": {
            "success": false,
            "status": 3,
            "tools": {
                "patch": {
                    "success": true
                },
                "compile[debug]": {
                    "status": 5,
                    "duration": 0,
                    "output": "main.cpp: In function int main():\nmain.cpp:213:1: error: UsmjereniGraf was not declared in this scope\n UsmjereniGraf<bool> *g = new ListaGraf<bool>(6);\n ^~~~~~~~~~~~~\nmain.cpp:213:15: error: expected primary-expression before bool\n UsmjereniGraf<bool> *g = new ListaGraf<bool>(6);\n               ^~~~\nmain.cpp:214:5: error: g was not declared in this scope\n     g->dodajGranu(0, 1, 2.5);\n     ^\nmain.cpp:221:17: error: Cvor was not declared in this scope\n     std::vector<Cvor<bool> > bfs_obilazak;\n                 ^~~~\nmain.cpp:221:26: error: template argument 1 is invalid\n     std::vector<Cvor<bool> > bfs_obilazak;\n                          ^\nmain.cpp:221:26: error: template argument 2 is invalid\nmain.cpp:221:28: error: expected unqualified-id before > token\n     std::vector<Cvor<bool> > bfs_obilazak;\n                            ^\nmain.cpp:222:12: error: bfs_obilazak was not declared in this scope\n     bfs(g, bfs_obilazak, g->dajCvor(0));\n            ^~~~~~~~~~~~\nmain.cpp:222:39: error: bfs was not declared in this scope\n     bfs(g, bfs_obilazak, g->dajCvor(0));\n                                       ^\nmain.cpp:225:10: error: type <type error> argument given to delete, expected pointer\n   delete g;\n          ^",
                    "exit_code": 1,
                    "success": false,
                    "parsed_output": [
                        {
                            "type": "error",
                            "file": "TEST_CODE",
                            "line": 6,
                            "col": "1",
                            "message": "'UsmjereniGraf' was not declared in this scope",
                            "code": "UsmjereniGraf<bool> *g = new ListaGraf<bool>(6);"
                        },
                        {
                            "type": "error",
                            "file": "TEST_CODE",
                            "line": 6,
                            "col": "15",
                            "message": "expected primary-expression before 'bool'",
                            "code": "UsmjereniGraf<bool> *g = new ListaGraf<bool>(6);"
                        },
                        {
                            "type": "error",
                            "file": "TEST_CODE",
                            "line": 7,
                            "col": "5",
                            "message": "'g' was not declared in this scope",
                            "code": "g->dodajGranu(0, 1, 2.5);"
                        },
                        {
                            "type": "error",
                            "file": "TEST_CODE",
                            "line": 14,
                            "col": "17",
                            "message": "'Cvor' was not declared in this scope",
                            "code": "std::vector<Cvor<bool> > bfs_obilazak;"
                        },
                        {
                            "type": "error",
                            "file": "TEST_CODE",
                            "line": 14,
                            "col": "26",
                            "message": "template argument 1 is invalid",
                            "code": "std::vector<Cvor<bool> > bfs_obilazak;"
                        },
                        {
                            "type": "error",
                            "file": "TEST_CODE",
                            "line": 14,
                            "col": "26",
                            "message": "template argument 2 is invalid"
                        },
                        {
                            "type": "error",
                            "file": "TEST_CODE",
                            "line": 14,
                            "col": "28",
                            "message": "expected unqualified-id before '>' token",
                            "code": "std::vector<Cvor<bool> > bfs_obilazak;"
                        },
                        {
                            "type": "error",
                            "file": "TEST_CODE",
                            "line": 15,
                            "col": "12",
                            "message": "'bfs_obilazak' was not declared in this scope",
                            "code": "bfs(g, bfs_obilazak, g->dajCvor(0));"
                        },
                        {
                            "type": "error",
                            "file": "TEST_CODE",
                            "line": 15,
                            "col": "39",
                            "message": "'bfs' was not declared in this scope",
                            "code": "bfs(g, bfs_obilazak, g->dajCvor(0));"
                        },
                        {
                            "type": "error",
                            "file": "TEST_CODE",
                            "line": 18,
                            "col": "10",
                            "message": "type '<type error>' argument given to 'delete', expected pointer",
                            "code": "delete g;"
                        }
                    ]
                }
            }
        },
        "2116": {
            "success": false,
            "status": 3,
            "tools": {
                "patch": {
                    "success": true
                },
                "compile[debug]": {
                    "status": 5,
                    "duration": 0,
                    "output": "main.cpp: In function int main():\nmain.cpp:213:1: error: UsmjereniGraf was not declared in this scope\n UsmjereniGraf<std::string> *g = new ListaGraf<std::string>(4);\n ^~~~~~~~~~~~~\nmain.cpp:213:26: error: expected primary-expression before > token\n UsmjereniGraf<std::string> *g = new ListaGraf<std::string>(4);\n                          ^\nmain.cpp:213:29: error: g was not declared in this scope\n UsmjereniGraf<std::string> *g = new ListaGraf<std::string>(4);\n                             ^\nmain.cpp:213:37: error: ListaGraf does not name a type\n UsmjereniGraf<std::string> *g = new ListaGraf<std::string>(4);\n                                     ^~~~~~~~~\nmain.cpp:213:58: error: expected primary-expression before > token\n UsmjereniGraf<std::string> *g = new ListaGraf<std::string>(4);\n                                                          ^\nmain.cpp:219:3: error: Grana was not declared in this scope\n   Grana<std::string> grana = g->dajGranu(0,1);\n   ^~~~~\nmain.cpp:219:20: error: expected primary-expression before > token\n   Grana<std::string> grana = g->dajGranu(0,1);\n                    ^\nmain.cpp:219:22: error: grana was not declared in this scope\n   Grana<std::string> grana = g->dajGranu(0,1);\n                      ^~~~~\nmain.cpp:228:8: error: type <type error> argument given to delete, expected pointer\n delete g;\n        ^",
                    "exit_code": 1,
                    "success": false,
                    "parsed_output": [
                        {
                            "type": "error",
                            "file": "TEST_CODE",
                            "line": 6,
                            "col": "1",
                            "message": "'UsmjereniGraf' was not declared in this scope",
                            "code": "UsmjereniGraf<std::string> *g = new ListaGraf<std::string>(4);"
                        },
                        {
                            "type": "error",
                            "file": "TEST_CODE",
                            "line": 6,
                            "col": "26",
                            "message": "expected primary-expression before '>' token",
                            "code": "UsmjereniGraf<std::string> *g = new ListaGraf<std::string>(4);"
                        },
                        {
                            "type": "error",
                            "file": "TEST_CODE",
                            "line": 6,
                            "col": "29",
                            "message": "'g' was not declared in this scope",
                            "code": "UsmjereniGraf<std::string> *g = new ListaGraf<std::string>(4);"
                        },
                        {
                            "type": "error",
                            "file": "TEST_CODE",
                            "line": 6,
                            "col": "37",
                            "message": "'ListaGraf' does not name a type",
                            "code": "UsmjereniGraf<std::string> *g = new ListaGraf<std::string>(4);"
                        },
                        {
                            "type": "error",
                            "file": "TEST_CODE",
                            "line": 6,
                            "col": "58",
                            "message": "expected primary-expression before '>' token",
                            "code": "UsmjereniGraf<std::string> *g = new ListaGraf<std::string>(4);"
                        },
                        {
                            "type": "error",
                            "file": "TEST_CODE",
                            "line": 12,
                            "col": "3",
                            "message": "'Grana' was not declared in this scope",
                            "code": "Grana<std::string> grana = g->dajGranu(0,1);"
                        },
                        {
                            "type": "error",
                            "file": "TEST_CODE",
                            "line": 12,
                            "col": "20",
                            "message": "expected primary-expression before '>' token",
                            "code": "Grana<std::string> grana = g->dajGranu(0,1);"
                        },
                        {
                            "type": "error",
                            "file": "TEST_CODE",
                            "line": 12,
                            "col": "22",
                            "message": "'grana' was not declared in this scope",
                            "code": "Grana<std::string> grana = g->dajGranu(0,1);"
                        },
                        {
                            "type": "error",
                            "file": "TEST_CODE",
                            "line": 21,
                            "col": "8",
                            "message": "type '<type error>' argument given to 'delete', expected pointer",
                            "code": "delete g;"
                        }
                    ]
                }
            }
        }
    },
    "time": 1611338016
}